<?xml version="1.0" encoding="UTF-8"?>
<testsuite xmlns:xsi="http://www.w3.org/2001/XMLSchema-instance" xsi:noNamespaceSchemaLocation="https://maven.apache.org/surefire/maven-surefire-plugin/xsd/surefire-test-report-3.0.xsd" version="3.0" name="com.yc.utils.JwtTokenUtilTest" time="10.342" tests="2" errors="0" skipped="0" failures="0">
  <properties>
    <property name="java.specification.version" value="17"/>
    <property name="sun.cpu.isalist" value="amd64"/>
    <property name="sun.jnu.encoding" value="GBK"/>
    <property name="java.class.path" value="C:\ideaprojects\res_cloud\res-security\target\test-classes;C:\ideaprojects\res_cloud\res-security\target\classes;C:\MavenRepository\io\jsonwebtoken\jjwt-api\0.10.2\jjwt-api-0.10.2.jar;C:\MavenRepository\io\jsonwebtoken\jjwt-impl\0.10.2\jjwt-impl-0.10.2.jar;C:\MavenRepository\io\jsonwebtoken\jjwt-jackson\0.10.2\jjwt-jackson-0.10.2.jar;C:\MavenRepository\com\fasterxml\jackson\core\jackson-databind\2.15.4\jackson-databind-2.15.4.jar;C:\MavenRepository\com\alibaba\cloud\spring-cloud-starter-alibaba-nacos-discovery\2023.0.1.0\spring-cloud-starter-alibaba-nacos-discovery-2023.0.1.0.jar;C:\MavenRepository\com\alibaba\cloud\spring-cloud-alibaba-commons\2023.0.1.0\spring-cloud-alibaba-commons-2023.0.1.0.jar;C:\MavenRepository\com\alibaba\nacos\nacos-client\2.3.2\nacos-client-2.3.2.jar;C:\MavenRepository\com\alibaba\nacos\nacos-auth-plugin\2.3.2\nacos-auth-plugin-2.3.2.jar;C:\MavenRepository\com\alibaba\nacos\nacos-encryption-plugin\2.3.2\nacos-encryption-plugin-2.3.2.jar;C:\MavenRepository\commons-codec\commons-codec\1.16.1\commons-codec-1.16.1.jar;C:\MavenRepository\org\apache\httpcomponents\httpasyncclient\4.1.5\httpasyncclient-4.1.5.jar;C:\MavenRepository\org\apache\httpcomponents\httpcore-nio\4.4.16\httpcore-nio-4.4.16.jar;C:\MavenRepository\org\apache\httpcomponents\httpclient\4.5.13\httpclient-4.5.13.jar;C:\MavenRepository\org\apache\httpcomponents\httpcore\4.4.16\httpcore-4.4.16.jar;C:\MavenRepository\io\prometheus\simpleclient\0.16.0\simpleclient-0.16.0.jar;C:\MavenRepository\io\prometheus\simpleclient_tracer_otel\0.16.0\simpleclient_tracer_otel-0.16.0.jar;C:\MavenRepository\io\prometheus\simpleclient_tracer_common\0.16.0\simpleclient_tracer_common-0.16.0.jar;C:\MavenRepository\io\prometheus\simpleclient_tracer_otel_agent\0.16.0\simpleclient_tracer_otel_agent-0.16.0.jar;C:\MavenRepository\org\yaml\snakeyaml\2.2\snakeyaml-2.2.jar;C:\MavenRepository\io\micrometer\micrometer-core\1.12.8\micrometer-core-1.12.8.jar;C:\MavenRepository\org\hdrhistogram\HdrHistogram\2.1.12\HdrHistogram-2.1.12.jar;C:\MavenRepository\org\latencyutils\LatencyUtils\2.0.3\LatencyUtils-2.0.3.jar;C:\MavenRepository\com\alibaba\spring\spring-context-support\1.0.11\spring-context-support-1.0.11.jar;C:\MavenRepository\org\springframework\cloud\spring-cloud-commons\4.1.2\spring-cloud-commons-4.1.2.jar;C:\MavenRepository\org\springframework\security\spring-security-crypto\6.2.5\spring-security-crypto-6.2.5.jar;C:\MavenRepository\org\springframework\cloud\spring-cloud-context\4.1.2\spring-cloud-context-4.1.2.jar;C:\MavenRepository\org\springframework\boot\spring-boot-starter-web\3.2.8\spring-boot-starter-web-3.2.8.jar;C:\MavenRepository\org\springframework\boot\spring-boot-starter\3.2.8\spring-boot-starter-3.2.8.jar;C:\MavenRepository\org\springframework\boot\spring-boot-starter-logging\3.2.8\spring-boot-starter-logging-3.2.8.jar;C:\MavenRepository\ch\qos\logback\logback-classic\1.4.14\logback-classic-1.4.14.jar;C:\MavenRepository\ch\qos\logback\logback-core\1.4.14\logback-core-1.4.14.jar;C:\MavenRepository\org\apache\logging\log4j\log4j-to-slf4j\2.21.1\log4j-to-slf4j-2.21.1.jar;C:\MavenRepository\org\apache\logging\log4j\log4j-api\2.21.1\log4j-api-2.21.1.jar;C:\MavenRepository\org\slf4j\jul-to-slf4j\2.0.13\jul-to-slf4j-2.0.13.jar;C:\MavenRepository\jakarta\annotation\jakarta.annotation-api\2.1.1\jakarta.annotation-api-2.1.1.jar;C:\MavenRepository\org\springframework\boot\spring-boot-starter-json\3.2.8\spring-boot-starter-json-3.2.8.jar;C:\MavenRepository\com\fasterxml\jackson\datatype\jackson-datatype-jdk8\2.15.4\jackson-datatype-jdk8-2.15.4.jar;C:\MavenRepository\com\fasterxml\jackson\module\jackson-module-parameter-names\2.15.4\jackson-module-parameter-names-2.15.4.jar;C:\MavenRepository\org\springframework\boot\spring-boot-starter-tomcat\3.2.8\spring-boot-starter-tomcat-3.2.8.jar;C:\MavenRepository\org\apache\tomcat\embed\tomcat-embed-core\10.1.26\tomcat-embed-core-10.1.26.jar;C:\MavenRepository\org\apache\tomcat\embed\tomcat-embed-el\10.1.26\tomcat-embed-el-10.1.26.jar;C:\MavenRepository\org\apache\tomcat\embed\tomcat-embed-websocket\10.1.26\tomcat-embed-websocket-10.1.26.jar;C:\MavenRepository\org\springframework\spring-web\6.1.11\spring-web-6.1.11.jar;C:\MavenRepository\org\springframework\spring-beans\6.1.11\spring-beans-6.1.11.jar;C:\MavenRepository\org\springframework\spring-webmvc\6.1.11\spring-webmvc-6.1.11.jar;C:\MavenRepository\org\springframework\spring-context\6.1.11\spring-context-6.1.11.jar;C:\MavenRepository\org\springframework\spring-expression\6.1.11\spring-expression-6.1.11.jar;C:\MavenRepository\org\springframework\boot\spring-boot-starter-test\3.2.8\spring-boot-starter-test-3.2.8.jar;C:\MavenRepository\org\springframework\boot\spring-boot-test\3.2.8\spring-boot-test-3.2.8.jar;C:\MavenRepository\org\springframework\boot\spring-boot-test-autoconfigure\3.2.8\spring-boot-test-autoconfigure-3.2.8.jar;C:\MavenRepository\com\jayway\jsonpath\json-path\2.9.0\json-path-2.9.0.jar;C:\MavenRepository\jakarta\xml\bind\jakarta.xml.bind-api\4.0.2\jakarta.xml.bind-api-4.0.2.jar;C:\MavenRepository\jakarta\activation\jakarta.activation-api\2.1.3\jakarta.activation-api-2.1.3.jar;C:\MavenRepository\net\minidev\json-smart\2.5.1\json-smart-2.5.1.jar;C:\MavenRepository\net\minidev\accessors-smart\2.5.1\accessors-smart-2.5.1.jar;C:\MavenRepository\org\ow2\asm\asm\9.6\asm-9.6.jar;C:\MavenRepository\org\assertj\assertj-core\3.24.2\assertj-core-3.24.2.jar;C:\MavenRepository\net\bytebuddy\byte-buddy\1.14.18\byte-buddy-1.14.18.jar;C:\MavenRepository\org\awaitility\awaitility\4.2.1\awaitility-4.2.1.jar;C:\MavenRepository\org\hamcrest\hamcrest\2.2\hamcrest-2.2.jar;C:\MavenRepository\org\junit\jupiter\junit-jupiter\5.10.3\junit-jupiter-5.10.3.jar;C:\MavenRepository\org\junit\jupiter\junit-jupiter-api\5.10.3\junit-jupiter-api-5.10.3.jar;C:\MavenRepository\org\opentest4j\opentest4j\1.3.0\opentest4j-1.3.0.jar;C:\MavenRepository\org\junit\platform\junit-platform-commons\1.10.3\junit-platform-commons-1.10.3.jar;C:\MavenRepository\org\apiguardian\apiguardian-api\1.1.2\apiguardian-api-1.1.2.jar;C:\MavenRepository\org\junit\jupiter\junit-jupiter-params\5.10.3\junit-jupiter-params-5.10.3.jar;C:\MavenRepository\org\junit\jupiter\junit-jupiter-engine\5.10.3\junit-jupiter-engine-5.10.3.jar;C:\MavenRepository\org\junit\platform\junit-platform-engine\1.10.3\junit-platform-engine-1.10.3.jar;C:\MavenRepository\org\mockito\mockito-core\5.7.0\mockito-core-5.7.0.jar;C:\MavenRepository\net\bytebuddy\byte-buddy-agent\1.14.18\byte-buddy-agent-1.14.18.jar;C:\MavenRepository\org\objenesis\objenesis\3.3\objenesis-3.3.jar;C:\MavenRepository\org\mockito\mockito-junit-jupiter\5.7.0\mockito-junit-jupiter-5.7.0.jar;C:\MavenRepository\org\skyscreamer\jsonassert\1.5.3\jsonassert-1.5.3.jar;C:\MavenRepository\com\vaadin\external\google\android-json\0.0.20131108.vaadin1\android-json-0.0.20131108.vaadin1.jar;C:\MavenRepository\org\springframework\spring-core\6.1.11\spring-core-6.1.11.jar;C:\MavenRepository\org\springframework\spring-jcl\6.1.11\spring-jcl-6.1.11.jar;C:\MavenRepository\org\springframework\spring-test\6.1.11\spring-test-6.1.11.jar;C:\MavenRepository\org\xmlunit\xmlunit-core\2.9.1\xmlunit-core-2.9.1.jar;C:\MavenRepository\junit\junit\4.13.2\junit-4.13.2.jar;C:\MavenRepository\org\hamcrest\hamcrest-core\2.2\hamcrest-core-2.2.jar;C:\MavenRepository\org\springframework\boot\spring-boot-devtools\3.2.8\spring-boot-devtools-3.2.8.jar;C:\MavenRepository\org\springframework\boot\spring-boot\3.2.8\spring-boot-3.2.8.jar;C:\MavenRepository\org\springframework\boot\spring-boot-autoconfigure\3.2.8\spring-boot-autoconfigure-3.2.8.jar;C:\MavenRepository\org\springframework\boot\spring-boot-configuration-processor\3.2.8\spring-boot-configuration-processor-3.2.8.jar;C:\MavenRepository\org\projectlombok\lombok\1.18.34\lombok-1.18.34.jar;C:\MavenRepository\org\springframework\boot\spring-boot-starter-actuator\3.2.8\spring-boot-starter-actuator-3.2.8.jar;C:\MavenRepository\org\springframework\boot\spring-boot-actuator-autoconfigure\3.2.8\spring-boot-actuator-autoconfigure-3.2.8.jar;C:\MavenRepository\org\springframework\boot\spring-boot-actuator\3.2.8\spring-boot-actuator-3.2.8.jar;C:\MavenRepository\io\micrometer\micrometer-observation\1.12.8\micrometer-observation-1.12.8.jar;C:\MavenRepository\io\micrometer\micrometer-commons\1.12.8\micrometer-commons-1.12.8.jar;C:\MavenRepository\io\micrometer\micrometer-jakarta9\1.12.8\micrometer-jakarta9-1.12.8.jar;C:\MavenRepository\com\baomidou\mybatis-plus-spring-boot3-starter\3.5.7\mybatis-plus-spring-boot3-starter-3.5.7.jar;C:\MavenRepository\com\baomidou\mybatis-plus\3.5.7\mybatis-plus-3.5.7.jar;C:\MavenRepository\com\baomidou\mybatis-plus-core\3.5.7\mybatis-plus-core-3.5.7.jar;C:\MavenRepository\com\baomidou\mybatis-plus-annotation\3.5.7\mybatis-plus-annotation-3.5.7.jar;C:\MavenRepository\com\baomidou\mybatis-plus-extension\3.5.7\mybatis-plus-extension-3.5.7.jar;C:\MavenRepository\org\mybatis\mybatis\3.5.16\mybatis-3.5.16.jar;C:\MavenRepository\com\github\jsqlparser\jsqlparser\4.9\jsqlparser-4.9.jar;C:\MavenRepository\org\mybatis\mybatis-spring\3.0.3\mybatis-spring-3.0.3.jar;C:\MavenRepository\com\baomidou\mybatis-plus-spring-boot-autoconfigure\3.5.7\mybatis-plus-spring-boot-autoconfigure-3.5.7.jar;C:\MavenRepository\org\springframework\boot\spring-boot-starter-jdbc\3.2.8\spring-boot-starter-jdbc-3.2.8.jar;C:\MavenRepository\com\zaxxer\HikariCP\5.0.1\HikariCP-5.0.1.jar;C:\MavenRepository\org\springframework\spring-jdbc\6.1.11\spring-jdbc-6.1.11.jar;C:\MavenRepository\org\springframework\spring-tx\6.1.11\spring-tx-6.1.11.jar;C:\MavenRepository\com\mysql\mysql-connector-j\8.0.33\mysql-connector-j-8.0.33.jar;C:\MavenRepository\com\alibaba\druid-spring-boot-3-starter\1.2.20\druid-spring-boot-3-starter-1.2.20.jar;C:\MavenRepository\com\alibaba\druid\1.2.20\druid-1.2.20.jar;C:\MavenRepository\org\slf4j\slf4j-api\2.0.13\slf4j-api-2.0.13.jar;C:\MavenRepository\org\springframework\boot\spring-boot-starter-cache\3.2.8\spring-boot-starter-cache-3.2.8.jar;C:\MavenRepository\org\springframework\spring-context-support\6.1.11\spring-context-support-6.1.11.jar;C:\MavenRepository\com\github\ben-manes\caffeine\caffeine\2.9.2\caffeine-2.9.2.jar;C:\MavenRepository\org\checkerframework\checker-qual\3.10.0\checker-qual-3.10.0.jar;C:\MavenRepository\com\google\errorprone\error_prone_annotations\2.5.1\error_prone_annotations-2.5.1.jar;C:\MavenRepository\org\springframework\boot\spring-boot-starter-data-redis\3.2.8\spring-boot-starter-data-redis-3.2.8.jar;C:\MavenRepository\io\lettuce\lettuce-core\6.3.2.RELEASE\lettuce-core-6.3.2.RELEASE.jar;C:\MavenRepository\io\netty\netty-common\4.1.111.Final\netty-common-4.1.111.Final.jar;C:\MavenRepository\io\netty\netty-handler\4.1.111.Final\netty-handler-4.1.111.Final.jar;C:\MavenRepository\io\netty\netty-resolver\4.1.111.Final\netty-resolver-4.1.111.Final.jar;C:\MavenRepository\io\netty\netty-buffer\4.1.111.Final\netty-buffer-4.1.111.Final.jar;C:\MavenRepository\io\netty\netty-transport-native-unix-common\4.1.111.Final\netty-transport-native-unix-common-4.1.111.Final.jar;C:\MavenRepository\io\netty\netty-codec\4.1.111.Final\netty-codec-4.1.111.Final.jar;C:\MavenRepository\io\netty\netty-transport\4.1.111.Final\netty-transport-4.1.111.Final.jar;C:\MavenRepository\io\projectreactor\reactor-core\3.6.8\reactor-core-3.6.8.jar;C:\MavenRepository\org\reactivestreams\reactive-streams\1.0.4\reactive-streams-1.0.4.jar;C:\MavenRepository\org\springframework\data\spring-data-redis\3.2.8\spring-data-redis-3.2.8.jar;C:\MavenRepository\org\springframework\data\spring-data-keyvalue\3.2.8\spring-data-keyvalue-3.2.8.jar;C:\MavenRepository\org\springframework\data\spring-data-commons\3.2.8\spring-data-commons-3.2.8.jar;C:\MavenRepository\org\springframework\spring-oxm\6.1.11\spring-oxm-6.1.11.jar;C:\MavenRepository\com\fasterxml\jackson\datatype\jackson-datatype-jsr310\2.15.4\jackson-datatype-jsr310-2.15.4.jar;C:\MavenRepository\com\fasterxml\jackson\core\jackson-annotations\2.15.4\jackson-annotations-2.15.4.jar;C:\MavenRepository\com\fasterxml\jackson\core\jackson-core\2.15.4\jackson-core-2.15.4.jar;C:\MavenRepository\org\springdoc\springdoc-openapi-starter-webmvc-ui\2.6.0\springdoc-openapi-starter-webmvc-ui-2.6.0.jar;C:\MavenRepository\org\springdoc\springdoc-openapi-starter-webmvc-api\2.6.0\springdoc-openapi-starter-webmvc-api-2.6.0.jar;C:\MavenRepository\org\springdoc\springdoc-openapi-starter-common\2.6.0\springdoc-openapi-starter-common-2.6.0.jar;C:\MavenRepository\io\swagger\core\v3\swagger-core-jakarta\2.2.22\swagger-core-jakarta-2.2.22.jar;C:\MavenRepository\org\apache\commons\commons-lang3\3.13.0\commons-lang3-3.13.0.jar;C:\MavenRepository\io\swagger\core\v3\swagger-annotations-jakarta\2.2.22\swagger-annotations-jakarta-2.2.22.jar;C:\MavenRepository\io\swagger\core\v3\swagger-models-jakarta\2.2.22\swagger-models-jakarta-2.2.22.jar;C:\MavenRepository\jakarta\validation\jakarta.validation-api\3.0.2\jakarta.validation-api-3.0.2.jar;C:\MavenRepository\com\fasterxml\jackson\dataformat\jackson-dataformat-yaml\2.15.4\jackson-dataformat-yaml-2.15.4.jar;C:\MavenRepository\org\webjars\swagger-ui\5.17.14\swagger-ui-5.17.14.jar;C:\MavenRepository\javax\servlet\servlet-api\2.5\servlet-api-2.5.jar;C:\MavenRepository\com\google\code\gson\gson\2.11.0\gson-2.11.0.jar;C:\ideaprojects\res_cloud\res-entity\target\res-entity-1.0-SNAPSHOT.jar;C:\MavenRepository\org\springframework\boot\spring-boot-starter-aop\3.2.8\spring-boot-starter-aop-3.2.8.jar;C:\MavenRepository\org\springframework\spring-aop\6.1.11\spring-aop-6.1.11.jar;C:\MavenRepository\org\aspectj\aspectjweaver\1.9.22.1\aspectjweaver-1.9.22.1.jar;"/>
    <property name="java.vm.vendor" value="Oracle Corporation"/>
    <property name="LOG_PATH" value="logs"/>
    <property name="sun.arch.data.model" value="64"/>
    <property name="user.variant" value=""/>
    <property name="java.vendor.url" value="https://java.oracle.com/"/>
    <property name="user.timezone" value="Asia/Shanghai"/>
    <property name="os.name" value="Windows 10"/>
    <property name="java.vm.specification.version" value="17"/>
    <property name="user.country" value="CN"/>
    <property name="sun.java.launcher" value="SUN_STANDARD"/>
    <property name="sun.boot.library.path" value="C:\Program Files\Java\jdk-17.0.4.1\bin"/>
    <property name="sun.java.command" value="C:\Users\DELL\AppData\Local\Temp\surefire10919884453084560526\surefirebooter-20240903194822071_11.jar C:\Users\DELL\AppData\Local\Temp\surefire10919884453084560526 2024-09-03T19-48-03_425-jvmRun1 surefire-20240903194822071_9tmp surefire_1-20240903194822071_10tmp"/>
    <property name="jdk.debug" value="release"/>
    <property name="surefire.test.class.path" value="C:\ideaprojects\res_cloud\res-security\target\test-classes;C:\ideaprojects\res_cloud\res-security\target\classes;C:\MavenRepository\io\jsonwebtoken\jjwt-api\0.10.2\jjwt-api-0.10.2.jar;C:\MavenRepository\io\jsonwebtoken\jjwt-impl\0.10.2\jjwt-impl-0.10.2.jar;C:\MavenRepository\io\jsonwebtoken\jjwt-jackson\0.10.2\jjwt-jackson-0.10.2.jar;C:\MavenRepository\com\fasterxml\jackson\core\jackson-databind\2.15.4\jackson-databind-2.15.4.jar;C:\MavenRepository\com\alibaba\cloud\spring-cloud-starter-alibaba-nacos-discovery\2023.0.1.0\spring-cloud-starter-alibaba-nacos-discovery-2023.0.1.0.jar;C:\MavenRepository\com\alibaba\cloud\spring-cloud-alibaba-commons\2023.0.1.0\spring-cloud-alibaba-commons-2023.0.1.0.jar;C:\MavenRepository\com\alibaba\nacos\nacos-client\2.3.2\nacos-client-2.3.2.jar;C:\MavenRepository\com\alibaba\nacos\nacos-auth-plugin\2.3.2\nacos-auth-plugin-2.3.2.jar;C:\MavenRepository\com\alibaba\nacos\nacos-encryption-plugin\2.3.2\nacos-encryption-plugin-2.3.2.jar;C:\MavenRepository\commons-codec\commons-codec\1.16.1\commons-codec-1.16.1.jar;C:\MavenRepository\org\apache\httpcomponents\httpasyncclient\4.1.5\httpasyncclient-4.1.5.jar;C:\MavenRepository\org\apache\httpcomponents\httpcore-nio\4.4.16\httpcore-nio-4.4.16.jar;C:\MavenRepository\org\apache\httpcomponents\httpclient\4.5.13\httpclient-4.5.13.jar;C:\MavenRepository\org\apache\httpcomponents\httpcore\4.4.16\httpcore-4.4.16.jar;C:\MavenRepository\io\prometheus\simpleclient\0.16.0\simpleclient-0.16.0.jar;C:\MavenRepository\io\prometheus\simpleclient_tracer_otel\0.16.0\simpleclient_tracer_otel-0.16.0.jar;C:\MavenRepository\io\prometheus\simpleclient_tracer_common\0.16.0\simpleclient_tracer_common-0.16.0.jar;C:\MavenRepository\io\prometheus\simpleclient_tracer_otel_agent\0.16.0\simpleclient_tracer_otel_agent-0.16.0.jar;C:\MavenRepository\org\yaml\snakeyaml\2.2\snakeyaml-2.2.jar;C:\MavenRepository\io\micrometer\micrometer-core\1.12.8\micrometer-core-1.12.8.jar;C:\MavenRepository\org\hdrhistogram\HdrHistogram\2.1.12\HdrHistogram-2.1.12.jar;C:\MavenRepository\org\latencyutils\LatencyUtils\2.0.3\LatencyUtils-2.0.3.jar;C:\MavenRepository\com\alibaba\spring\spring-context-support\1.0.11\spring-context-support-1.0.11.jar;C:\MavenRepository\org\springframework\cloud\spring-cloud-commons\4.1.2\spring-cloud-commons-4.1.2.jar;C:\MavenRepository\org\springframework\security\spring-security-crypto\6.2.5\spring-security-crypto-6.2.5.jar;C:\MavenRepository\org\springframework\cloud\spring-cloud-context\4.1.2\spring-cloud-context-4.1.2.jar;C:\MavenRepository\org\springframework\boot\spring-boot-starter-web\3.2.8\spring-boot-starter-web-3.2.8.jar;C:\MavenRepository\org\springframework\boot\spring-boot-starter\3.2.8\spring-boot-starter-3.2.8.jar;C:\MavenRepository\org\springframework\boot\spring-boot-starter-logging\3.2.8\spring-boot-starter-logging-3.2.8.jar;C:\MavenRepository\ch\qos\logback\logback-classic\1.4.14\logback-classic-1.4.14.jar;C:\MavenRepository\ch\qos\logback\logback-core\1.4.14\logback-core-1.4.14.jar;C:\MavenRepository\org\apache\logging\log4j\log4j-to-slf4j\2.21.1\log4j-to-slf4j-2.21.1.jar;C:\MavenRepository\org\apache\logging\log4j\log4j-api\2.21.1\log4j-api-2.21.1.jar;C:\MavenRepository\org\slf4j\jul-to-slf4j\2.0.13\jul-to-slf4j-2.0.13.jar;C:\MavenRepository\jakarta\annotation\jakarta.annotation-api\2.1.1\jakarta.annotation-api-2.1.1.jar;C:\MavenRepository\org\springframework\boot\spring-boot-starter-json\3.2.8\spring-boot-starter-json-3.2.8.jar;C:\MavenRepository\com\fasterxml\jackson\datatype\jackson-datatype-jdk8\2.15.4\jackson-datatype-jdk8-2.15.4.jar;C:\MavenRepository\com\fasterxml\jackson\module\jackson-module-parameter-names\2.15.4\jackson-module-parameter-names-2.15.4.jar;C:\MavenRepository\org\springframework\boot\spring-boot-starter-tomcat\3.2.8\spring-boot-starter-tomcat-3.2.8.jar;C:\MavenRepository\org\apache\tomcat\embed\tomcat-embed-core\10.1.26\tomcat-embed-core-10.1.26.jar;C:\MavenRepository\org\apache\tomcat\embed\tomcat-embed-el\10.1.26\tomcat-embed-el-10.1.26.jar;C:\MavenRepository\org\apache\tomcat\embed\tomcat-embed-websocket\10.1.26\tomcat-embed-websocket-10.1.26.jar;C:\MavenRepository\org\springframework\spring-web\6.1.11\spring-web-6.1.11.jar;C:\MavenRepository\org\springframework\spring-beans\6.1.11\spring-beans-6.1.11.jar;C:\MavenRepository\org\springframework\spring-webmvc\6.1.11\spring-webmvc-6.1.11.jar;C:\MavenRepository\org\springframework\spring-context\6.1.11\spring-context-6.1.11.jar;C:\MavenRepository\org\springframework\spring-expression\6.1.11\spring-expression-6.1.11.jar;C:\MavenRepository\org\springframework\boot\spring-boot-starter-test\3.2.8\spring-boot-starter-test-3.2.8.jar;C:\MavenRepository\org\springframework\boot\spring-boot-test\3.2.8\spring-boot-test-3.2.8.jar;C:\MavenRepository\org\springframework\boot\spring-boot-test-autoconfigure\3.2.8\spring-boot-test-autoconfigure-3.2.8.jar;C:\MavenRepository\com\jayway\jsonpath\json-path\2.9.0\json-path-2.9.0.jar;C:\MavenRepository\jakarta\xml\bind\jakarta.xml.bind-api\4.0.2\jakarta.xml.bind-api-4.0.2.jar;C:\MavenRepository\jakarta\activation\jakarta.activation-api\2.1.3\jakarta.activation-api-2.1.3.jar;C:\MavenRepository\net\minidev\json-smart\2.5.1\json-smart-2.5.1.jar;C:\MavenRepository\net\minidev\accessors-smart\2.5.1\accessors-smart-2.5.1.jar;C:\MavenRepository\org\ow2\asm\asm\9.6\asm-9.6.jar;C:\MavenRepository\org\assertj\assertj-core\3.24.2\assertj-core-3.24.2.jar;C:\MavenRepository\net\bytebuddy\byte-buddy\1.14.18\byte-buddy-1.14.18.jar;C:\MavenRepository\org\awaitility\awaitility\4.2.1\awaitility-4.2.1.jar;C:\MavenRepository\org\hamcrest\hamcrest\2.2\hamcrest-2.2.jar;C:\MavenRepository\org\junit\jupiter\junit-jupiter\5.10.3\junit-jupiter-5.10.3.jar;C:\MavenRepository\org\junit\jupiter\junit-jupiter-api\5.10.3\junit-jupiter-api-5.10.3.jar;C:\MavenRepository\org\opentest4j\opentest4j\1.3.0\opentest4j-1.3.0.jar;C:\MavenRepository\org\junit\platform\junit-platform-commons\1.10.3\junit-platform-commons-1.10.3.jar;C:\MavenRepository\org\apiguardian\apiguardian-api\1.1.2\apiguardian-api-1.1.2.jar;C:\MavenRepository\org\junit\jupiter\junit-jupiter-params\5.10.3\junit-jupiter-params-5.10.3.jar;C:\MavenRepository\org\junit\jupiter\junit-jupiter-engine\5.10.3\junit-jupiter-engine-5.10.3.jar;C:\MavenRepository\org\junit\platform\junit-platform-engine\1.10.3\junit-platform-engine-1.10.3.jar;C:\MavenRepository\org\mockito\mockito-core\5.7.0\mockito-core-5.7.0.jar;C:\MavenRepository\net\bytebuddy\byte-buddy-agent\1.14.18\byte-buddy-agent-1.14.18.jar;C:\MavenRepository\org\objenesis\objenesis\3.3\objenesis-3.3.jar;C:\MavenRepository\org\mockito\mockito-junit-jupiter\5.7.0\mockito-junit-jupiter-5.7.0.jar;C:\MavenRepository\org\skyscreamer\jsonassert\1.5.3\jsonassert-1.5.3.jar;C:\MavenRepository\com\vaadin\external\google\android-json\0.0.20131108.vaadin1\android-json-0.0.20131108.vaadin1.jar;C:\MavenRepository\org\springframework\spring-core\6.1.11\spring-core-6.1.11.jar;C:\MavenRepository\org\springframework\spring-jcl\6.1.11\spring-jcl-6.1.11.jar;C:\MavenRepository\org\springframework\spring-test\6.1.11\spring-test-6.1.11.jar;C:\MavenRepository\org\xmlunit\xmlunit-core\2.9.1\xmlunit-core-2.9.1.jar;C:\MavenRepository\junit\junit\4.13.2\junit-4.13.2.jar;C:\MavenRepository\org\hamcrest\hamcrest-core\2.2\hamcrest-core-2.2.jar;C:\MavenRepository\org\springframework\boot\spring-boot-devtools\3.2.8\spring-boot-devtools-3.2.8.jar;C:\MavenRepository\org\springframework\boot\spring-boot\3.2.8\spring-boot-3.2.8.jar;C:\MavenRepository\org\springframework\boot\spring-boot-autoconfigure\3.2.8\spring-boot-autoconfigure-3.2.8.jar;C:\MavenRepository\org\springframework\boot\spring-boot-configuration-processor\3.2.8\spring-boot-configuration-processor-3.2.8.jar;C:\MavenRepository\org\projectlombok\lombok\1.18.34\lombok-1.18.34.jar;C:\MavenRepository\org\springframework\boot\spring-boot-starter-actuator\3.2.8\spring-boot-starter-actuator-3.2.8.jar;C:\MavenRepository\org\springframework\boot\spring-boot-actuator-autoconfigure\3.2.8\spring-boot-actuator-autoconfigure-3.2.8.jar;C:\MavenRepository\org\springframework\boot\spring-boot-actuator\3.2.8\spring-boot-actuator-3.2.8.jar;C:\MavenRepository\io\micrometer\micrometer-observation\1.12.8\micrometer-observation-1.12.8.jar;C:\MavenRepository\io\micrometer\micrometer-commons\1.12.8\micrometer-commons-1.12.8.jar;C:\MavenRepository\io\micrometer\micrometer-jakarta9\1.12.8\micrometer-jakarta9-1.12.8.jar;C:\MavenRepository\com\baomidou\mybatis-plus-spring-boot3-starter\3.5.7\mybatis-plus-spring-boot3-starter-3.5.7.jar;C:\MavenRepository\com\baomidou\mybatis-plus\3.5.7\mybatis-plus-3.5.7.jar;C:\MavenRepository\com\baomidou\mybatis-plus-core\3.5.7\mybatis-plus-core-3.5.7.jar;C:\MavenRepository\com\baomidou\mybatis-plus-annotation\3.5.7\mybatis-plus-annotation-3.5.7.jar;C:\MavenRepository\com\baomidou\mybatis-plus-extension\3.5.7\mybatis-plus-extension-3.5.7.jar;C:\MavenRepository\org\mybatis\mybatis\3.5.16\mybatis-3.5.16.jar;C:\MavenRepository\com\github\jsqlparser\jsqlparser\4.9\jsqlparser-4.9.jar;C:\MavenRepository\org\mybatis\mybatis-spring\3.0.3\mybatis-spring-3.0.3.jar;C:\MavenRepository\com\baomidou\mybatis-plus-spring-boot-autoconfigure\3.5.7\mybatis-plus-spring-boot-autoconfigure-3.5.7.jar;C:\MavenRepository\org\springframework\boot\spring-boot-starter-jdbc\3.2.8\spring-boot-starter-jdbc-3.2.8.jar;C:\MavenRepository\com\zaxxer\HikariCP\5.0.1\HikariCP-5.0.1.jar;C:\MavenRepository\org\springframework\spring-jdbc\6.1.11\spring-jdbc-6.1.11.jar;C:\MavenRepository\org\springframework\spring-tx\6.1.11\spring-tx-6.1.11.jar;C:\MavenRepository\com\mysql\mysql-connector-j\8.0.33\mysql-connector-j-8.0.33.jar;C:\MavenRepository\com\alibaba\druid-spring-boot-3-starter\1.2.20\druid-spring-boot-3-starter-1.2.20.jar;C:\MavenRepository\com\alibaba\druid\1.2.20\druid-1.2.20.jar;C:\MavenRepository\org\slf4j\slf4j-api\2.0.13\slf4j-api-2.0.13.jar;C:\MavenRepository\org\springframework\boot\spring-boot-starter-cache\3.2.8\spring-boot-starter-cache-3.2.8.jar;C:\MavenRepository\org\springframework\spring-context-support\6.1.11\spring-context-support-6.1.11.jar;C:\MavenRepository\com\github\ben-manes\caffeine\caffeine\2.9.2\caffeine-2.9.2.jar;C:\MavenRepository\org\checkerframework\checker-qual\3.10.0\checker-qual-3.10.0.jar;C:\MavenRepository\com\google\errorprone\error_prone_annotations\2.5.1\error_prone_annotations-2.5.1.jar;C:\MavenRepository\org\springframework\boot\spring-boot-starter-data-redis\3.2.8\spring-boot-starter-data-redis-3.2.8.jar;C:\MavenRepository\io\lettuce\lettuce-core\6.3.2.RELEASE\lettuce-core-6.3.2.RELEASE.jar;C:\MavenRepository\io\netty\netty-common\4.1.111.Final\netty-common-4.1.111.Final.jar;C:\MavenRepository\io\netty\netty-handler\4.1.111.Final\netty-handler-4.1.111.Final.jar;C:\MavenRepository\io\netty\netty-resolver\4.1.111.Final\netty-resolver-4.1.111.Final.jar;C:\MavenRepository\io\netty\netty-buffer\4.1.111.Final\netty-buffer-4.1.111.Final.jar;C:\MavenRepository\io\netty\netty-transport-native-unix-common\4.1.111.Final\netty-transport-native-unix-common-4.1.111.Final.jar;C:\MavenRepository\io\netty\netty-codec\4.1.111.Final\netty-codec-4.1.111.Final.jar;C:\MavenRepository\io\netty\netty-transport\4.1.111.Final\netty-transport-4.1.111.Final.jar;C:\MavenRepository\io\projectreactor\reactor-core\3.6.8\reactor-core-3.6.8.jar;C:\MavenRepository\org\reactivestreams\reactive-streams\1.0.4\reactive-streams-1.0.4.jar;C:\MavenRepository\org\springframework\data\spring-data-redis\3.2.8\spring-data-redis-3.2.8.jar;C:\MavenRepository\org\springframework\data\spring-data-keyvalue\3.2.8\spring-data-keyvalue-3.2.8.jar;C:\MavenRepository\org\springframework\data\spring-data-commons\3.2.8\spring-data-commons-3.2.8.jar;C:\MavenRepository\org\springframework\spring-oxm\6.1.11\spring-oxm-6.1.11.jar;C:\MavenRepository\com\fasterxml\jackson\datatype\jackson-datatype-jsr310\2.15.4\jackson-datatype-jsr310-2.15.4.jar;C:\MavenRepository\com\fasterxml\jackson\core\jackson-annotations\2.15.4\jackson-annotations-2.15.4.jar;C:\MavenRepository\com\fasterxml\jackson\core\jackson-core\2.15.4\jackson-core-2.15.4.jar;C:\MavenRepository\org\springdoc\springdoc-openapi-starter-webmvc-ui\2.6.0\springdoc-openapi-starter-webmvc-ui-2.6.0.jar;C:\MavenRepository\org\springdoc\springdoc-openapi-starter-webmvc-api\2.6.0\springdoc-openapi-starter-webmvc-api-2.6.0.jar;C:\MavenRepository\org\springdoc\springdoc-openapi-starter-common\2.6.0\springdoc-openapi-starter-common-2.6.0.jar;C:\MavenRepository\io\swagger\core\v3\swagger-core-jakarta\2.2.22\swagger-core-jakarta-2.2.22.jar;C:\MavenRepository\org\apache\commons\commons-lang3\3.13.0\commons-lang3-3.13.0.jar;C:\MavenRepository\io\swagger\core\v3\swagger-annotations-jakarta\2.2.22\swagger-annotations-jakarta-2.2.22.jar;C:\MavenRepository\io\swagger\core\v3\swagger-models-jakarta\2.2.22\swagger-models-jakarta-2.2.22.jar;C:\MavenRepository\jakarta\validation\jakarta.validation-api\3.0.2\jakarta.validation-api-3.0.2.jar;C:\MavenRepository\com\fasterxml\jackson\dataformat\jackson-dataformat-yaml\2.15.4\jackson-dataformat-yaml-2.15.4.jar;C:\MavenRepository\org\webjars\swagger-ui\5.17.14\swagger-ui-5.17.14.jar;C:\MavenRepository\javax\servlet\servlet-api\2.5\servlet-api-2.5.jar;C:\MavenRepository\com\google\code\gson\gson\2.11.0\gson-2.11.0.jar;C:\ideaprojects\res_cloud\res-entity\target\res-entity-1.0-SNAPSHOT.jar;C:\MavenRepository\org\springframework\boot\spring-boot-starter-aop\3.2.8\spring-boot-starter-aop-3.2.8.jar;C:\MavenRepository\org\springframework\spring-aop\6.1.11\spring-aop-6.1.11.jar;C:\MavenRepository\org\aspectj\aspectjweaver\1.9.22.1\aspectjweaver-1.9.22.1.jar;"/>
    <property name="sun.cpu.endian" value="little"/>
    <property name="user.home" value="C:\Users\DELL"/>
    <property name="user.language" value="zh"/>
    <property name="java.specification.vendor" value="Oracle Corporation"/>
    <property name="java.version.date" value="2022-08-18"/>
    <property name="java.home" value="C:\Program Files\Java\jdk-17.0.4.1"/>
    <property name="file.separator" value="\"/>
    <property name="basedir" value="C:\ideaprojects\res_cloud\res-security"/>
    <property name="java.vm.compressedOopsMode" value="Zero based"/>
    <property name="line.separator" value="&#10;"/>
    <property name="java.vm.specification.vendor" value="Oracle Corporation"/>
    <property name="java.specification.name" value="Java Platform API Specification"/>
    <property name="FILE_LOG_CHARSET" value="GBK"/>
    <property name="java.awt.headless" value="true"/>
    <property name="surefire.real.class.path" value="C:\Users\DELL\AppData\Local\Temp\surefire10919884453084560526\surefirebooter-20240903194822071_11.jar"/>
    <property name="user.script" value=""/>
    <property name="sun.management.compiler" value="HotSpot 64-Bit Tiered Compilers"/>
    <property name="java.runtime.version" value="17.0.4.1+1-LTS-2"/>
    <property name="user.name" value="DELL"/>
    <property name="path.separator" value=";"/>
    <property name="os.version" value="10.0"/>
    <property name="java.runtime.name" value="Java(TM) SE Runtime Environment"/>
    <property name="file.encoding" value="GBK"/>
    <property name="java.vm.name" value="Java HotSpot(TM) 64-Bit Server VM"/>
    <property name="LOG_FILE" value="logs\spring.log"/>
    <property name="localRepository" value="C:\MavenRepository"/>
    <property name="java.vendor.url.bug" value="https://bugreport.java.com/bugreport/"/>
    <property name="java.io.tmpdir" value="C:\Users\DELL\AppData\Local\Temp\"/>
    <property name="idea.version" value="2023.2.5"/>
    <property name="java.version" value="17.0.4.1"/>
    <property name="user.dir" value="C:\ideaprojects\res_cloud\res-security"/>
    <property name="os.arch" value="amd64"/>
    <property name="java.vm.specification.name" value="Java Virtual Machine Specification"/>
    <property name="PID" value="11008"/>
    <property name="sun.os.patch.level" value=""/>
    <property name="CONSOLE_LOG_CHARSET" value="GBK"/>
    <property name="native.encoding" value="GBK"/>
    <property name="java.library.path" value="C:\Program Files\Java\jdk-17.0.4.1\bin;C:\WINDOWS\Sun\Java\bin;C:\WINDOWS\system32;C:\WINDOWS;C:\app\DELL\product\11.2.0\dbhome_3\bin;C:\app\DELL\product\11.2.0\dbhome_2\bin;C:\Program Files\Java\jdk-11.0.16.1\bin;C:\Program Files\Common Files\Oracle\Java\javapath;C:\Program Files (x86)\VMware\VMware Workstation\bin\;C:\WINDOWS\system32;C:\WINDOWS;C:\WINDOWS\System32\Wbem;C:\WINDOWS\System32\WindowsPowerShell\v1.0\;C:\WINDOWS\System32\OpenSSH\;C:\Program Files\Bandizip\;C:\Program Files\mingw64\bin;C:\Program Files (x86)\Windows Kits\8.1\Windows Performance Toolkit\;C:\Program Files\Microsoft SQL Server\110\Tools\Binn\;C:\apache-maven-3.9.6\bin;C:\Program Files (x86)\Rational\common;C:\apache-tomcat-9.0.88\bin;C:\Program Files\MySQL\MySQL Server 8.0\bin;C:\Program Files\PuTTY\;C:\Program Files\Git\cmd;C:\Program Files\nodejs\;C:\Program Files\Redis\;C:\Program Files\dotnet\;C:\Program Files (x86)\NetSarang\Xshell 7\;C:\Program Files (x86)\NetSarang\Xftp 7\;C:\Program Files\Docker\Docker\resources\bin;C:\nacos-2.3.2\bin;C:\Users\DELL\AppData\Local\Microsoft\WindowsApps;C:\Users\DELL\AppData\Local\Programs\Microsoft VS Code\bin;C:\Program Files\JetBrains\PyCharm Community Edition 2022.1\bin;;C:\Program Files\JetBrains\IntelliJ IDEA 2023.2.5\bin;;C:\Users\DELL\AppData\Roaming\npm;C:\Program Files\nodejs\node_global;C:\Program Files (x86)\Nmap;."/>
    <property name="java.vm.info" value="mixed mode, sharing"/>
    <property name="java.vendor" value="Oracle Corporation"/>
    <property name="java.vm.version" value="17.0.4.1+1-LTS-2"/>
    <property name="sun.io.unicode.encoding" value="UnicodeLittle"/>
    <property name="maven.repo.local" value="C:\MavenRepository"/>
    <property name="java.class.version" value="61.0"/>
    <property name="LOGGED_APPLICATION_NAME" value="[res-security] "/>
  </properties>
  <testcase name="decodeJWT" classname="com.yc.utils.JwtTokenUtilTest" time="0.846">
    <system-out><![CDATA[19:48:22.888 [main] INFO org.springframework.boot.devtools.restart.RestartApplicationListener -- Restart disabled due to context in which it is running

  .   ____          _            __ _ _
 /\\ / ___'_ __ _ _(_)_ __  __ _ \ \ \ \
( ( )\___ | '_ | '_| | '_ \/ _` | \ \ \ \
 \\/  ___)| |_)| | | | | || (_| |  ) ) ) )
  '  |____| .__|_| |_|_| |_\__, | / / / /
 =========|_|==============|___/=/_/_/_/
 :: Spring Boot ::                (v3.2.8)

2024-09-03T19:48:24.410+08:00  INFO 11008 --- [res-security] [           main] com.yc.utils.JwtTokenUtilTest            : Starting JwtTokenUtilTest using Java 17.0.4.1 with PID 11008 (started by DELL in C:\ideaprojects\res_cloud\res-security)
2024-09-03T19:48:24.414+08:00  INFO 11008 --- [res-security] [           main] com.yc.utils.JwtTokenUtilTest            : The following 1 profile is active: "dev"
2024-09-03T19:48:25.574+08:00  INFO 11008 --- [res-security] [           main] .s.d.r.c.RepositoryConfigurationDelegate : Multiple Spring Data modules found, entering strict repository configuration mode
2024-09-03T19:48:25.577+08:00  INFO 11008 --- [res-security] [           main] .s.d.r.c.RepositoryConfigurationDelegate : Bootstrapping Spring Data Redis repositories in DEFAULT mode.
2024-09-03T19:48:25.609+08:00  INFO 11008 --- [res-security] [           main] .s.d.r.c.RepositoryConfigurationDelegate : Finished Spring Data repository scanning in 14 ms. Found 0 Redis repository interfaces.
2024-09-03T19:48:25.750+08:00  WARN 11008 --- [res-security] [           main] o.m.s.mapper.ClassPathMapperScanner      : No MyBatis mapper was found in '[com.yc.dao]' package. Please check your configuration.
2024-09-03T19:48:25.842+08:00  INFO 11008 --- [res-security] [           main] o.s.cloud.context.scope.GenericScope     : BeanFactory id=d302df67-b54c-34ba-b018-24becdbeaa5a
2024-09-03T19:48:28.356+08:00  INFO 11008 --- [res-security] [           main] o.s.cloud.commons.util.InetUtils         : Cannot determine local hostname
2024-09-03T19:48:28.602+08:00  INFO 11008 --- [res-security] [           main] c.a.d.s.b.a.DruidDataSourceAutoConfigure : Init DruidDataSource
2024-09-03T19:48:29.090+08:00  INFO 11008 --- [res-security] [           main] com.alibaba.druid.pool.DruidDataSource   : {dataSource-1} inited
Logging initialized using 'class org.apache.ibatis.logging.stdout.StdOutImpl' adapter.
Get /169.254.164.211 network interface 
Get network interface info: name:eth36 (Hyper-V Virtual Ethernet Adapter #2)
Initialization Sequence datacenterId:15 workerId:20
 _ _   |_  _ _|_. ___ _ |    _ 
| | |\/|_)(_| | |_\  |_)||_|_\ 
     /               |         
                        3.5.7 
2024-09-03T19:48:31.895+08:00  INFO 11008 --- [res-security] [           main] o.s.cloud.commons.util.InetUtils         : Cannot determine local hostname
2024-09-03T19:48:31.913+08:00  INFO 11008 --- [res-security] [           main] o.s.b.a.e.web.EndpointLinksResolver      : Exposing 18 endpoint(s) beneath base path '/actuator'
2024-09-03T19:48:31.993+08:00  INFO 11008 --- [res-security] [           main] com.yc.utils.JwtTokenUtilTest            : Started JwtTokenUtilTest in 9.117 seconds (process running for 9.863)
sub:测试jwt生成token 
name:张三
role:admin
exp:1725355841318
iat:29341d65-de21-4ecb-a818-c96edc13b3e8
失效了没？true
]]></system-out>
  </testcase>
  <testcase name="encodeJWT" classname="com.yc.utils.JwtTokenUtilTest" time="0.041">
    <system-out><![CDATA[2024-09-03T19:48:32.900+08:00  INFO 11008 --- [res-security] [           main] com.yc.utils.JwtTokenUtilTest            : eyJ0eXAiOiJKV1QiLCJhbGciOiJIUzI1NiJ9.eyJzdWIiOiLmtYvor5Vqd3TnlJ_miJB0b2tlbiIsInJvbGUiOiJhZG1pbiIsIm5hbWUiOiLlvKDkuIkiLCJleHAiOjE3MjUzNjQxMTI4NjUsImlhdCI6IjZjMjM4ZjM1LWJjNDctNDEyMi1iOTMzLWI3OGIyN2ZhYzhiYyJ9.tK2v8Z3OM2X27pBHjv-0OhuMGsUPHQGh_MvLJQxwZFQ
]]></system-out>
  </testcase>
</testsuite>